{"G:\\www\\pic\\server\\index.js": {"path":"G:\\www\\pic\\server\\index.js","statementMap":{"0":{"start":{"line":1,"column":12},"end":{"line":1,"column":26}},"1":{"start":{"line":2,"column":14},"end":{"line":2,"column":34}},"2":{"start":{"line":3,"column":14},"end":{"line":3,"column":35}},"3":{"start":{"line":4,"column":17},"end":{"line":4,"column":36}},"4":{"start":{"line":6,"column":15},"end":{"line":6,"column":34}},"5":{"start":{"line":7,"column":20},"end":{"line":7,"column":48}},"6":{"start":{"line":8,"column":15},"end":{"line":8,"column":38}},"7":{"start":{"line":10,"column":0},"end":{"line":10,"column":38}},"8":{"start":{"line":13,"column":12},"end":{"line":13,"column":21}},"9":{"start":{"line":14,"column":0},"end":{"line":14,"column":16}},"10":{"start":{"line":15,"column":0},"end":{"line":15,"column":24}},"11":{"start":{"line":18,"column":16},"end":{"line":18,"column":25}},"12":{"start":{"line":19,"column":0},"end":{"line":19,"column":29}},"13":{"start":{"line":22,"column":12},"end":{"line":22,"column":21}},"14":{"start":{"line":23,"column":0},"end":{"line":23,"column":27}},"15":{"start":{"line":24,"column":0},"end":{"line":24,"column":35}},"16":{"start":{"line":27,"column":0},"end":{"line":32,"column":1}},"17":{"start":{"line":35,"column":0},"end":{"line":35,"column":20}}},"fnMap":{},"branchMap":{"0":{"loc":{"start":{"line":27,"column":0},"end":{"line":32,"column":1}},"type":"if","locations":[{"start":{"line":27,"column":0},"end":{"line":32,"column":1}}],"line":27}},"s":{"0":1,"1":1,"2":1,"3":1,"4":1,"5":1,"6":1,"7":1,"8":1,"9":1,"10":1,"11":1,"12":1,"13":1,"14":1,"15":1,"16":1,"17":1},"f":{},"b":{"0":[1]},"_coverageSchema":"332fd63041d2c1bcb487cc26dd0d5f7d97098a6c","hash":"900b2ac5414c964e72ed88ad0778d13df72e5b19"}
,"G:\\www\\pic\\server\\app\\ctrls\\auth.js": {"path":"G:\\www\\pic\\server\\app\\ctrls\\auth.js","statementMap":{"0":{"start":{"line":1,"column":10},"end":{"line":1,"column":32}},"1":{"start":{"line":2,"column":12},"end":{"line":2,"column":35}},"2":{"start":{"line":3,"column":15},"end":{"line":3,"column":32}},"3":{"start":{"line":4,"column":15},"end":{"line":4,"column":38}},"4":{"start":{"line":5,"column":18},"end":{"line":5,"column":45}},"5":{"start":{"line":7,"column":17},"end":{"line":108,"column":1}},"6":{"start":{"line":12,"column":19},"end":{"line":12,"column":78}},"7":{"start":{"line":13,"column":4},"end":{"line":13,"column":91}},"8":{"start":{"line":13,"column":42},"end":{"line":13,"column":91}},"9":{"start":{"line":15,"column":19},"end":{"line":26,"column":8}},"10":{"start":{"line":18,"column":26},"end":{"line":18,"column":61}},"11":{"start":{"line":19,"column":22},"end":{"line":19,"column":82}},"12":{"start":{"line":21,"column":8},"end":{"line":21,"column":84}},"13":{"start":{"line":24,"column":8},"end":{"line":24,"column":48}},"14":{"start":{"line":24,"column":22},"end":{"line":24,"column":48}},"15":{"start":{"line":25,"column":8},"end":{"line":25,"column":58}},"16":{"start":{"line":28,"column":4},"end":{"line":30,"column":35}},"17":{"start":{"line":29,"column":19},"end":{"line":29,"column":33}},"18":{"start":{"line":30,"column":20},"end":{"line":30,"column":34}},"19":{"start":{"line":37,"column":19},"end":{"line":37,"column":66}},"20":{"start":{"line":38,"column":4},"end":{"line":38,"column":79}},"21":{"start":{"line":38,"column":42},"end":{"line":38,"column":79}},"22":{"start":{"line":41,"column":32},"end":{"line":41,"column":38}},"23":{"start":{"line":42,"column":19},"end":{"line":50,"column":40}},"24":{"start":{"line":45,"column":26},"end":{"line":45,"column":61}},"25":{"start":{"line":46,"column":22},"end":{"line":46,"column":82}},"26":{"start":{"line":48,"column":8},"end":{"line":48,"column":72}},"27":{"start":{"line":50,"column":20},"end":{"line":50,"column":39}},"28":{"start":{"line":52,"column":4},"end":{"line":54,"column":35}},"29":{"start":{"line":53,"column":19},"end":{"line":53,"column":33}},"30":{"start":{"line":54,"column":20},"end":{"line":54,"column":34}},"31":{"start":{"line":61,"column":16},"end":{"line":61,"column":26}},"32":{"start":{"line":62,"column":17},"end":{"line":62,"column":30}},"33":{"start":{"line":63,"column":23},"end":{"line":63,"column":58}},"34":{"start":{"line":64,"column":23},"end":{"line":64,"column":57}},"35":{"start":{"line":65,"column":25},"end":{"line":71,"column":6}},"36":{"start":{"line":72,"column":19},"end":{"line":72,"column":63}},"37":{"start":{"line":73,"column":22},"end":{"line":73,"column":100}},"38":{"start":{"line":74,"column":25},"end":{"line":80,"column":5}},"39":{"start":{"line":81,"column":21},"end":{"line":81,"column":81}},"40":{"start":{"line":82,"column":4},"end":{"line":93,"column":6}},"41":{"start":{"line":100,"column":4},"end":{"line":105,"column":6}},"42":{"start":{"line":110,"column":0},"end":{"line":110,"column":25}}},"fnMap":{"0":{"name":"(anonymous_0)","decl":{"start":{"line":16,"column":12},"end":{"line":16,"column":13}},"loc":{"start":{"line":16,"column":20},"end":{"line":22,"column":7}},"line":16},"1":{"name":"(anonymous_1)","decl":{"start":{"line":23,"column":13},"end":{"line":23,"column":14}},"loc":{"start":{"line":23,"column":20},"end":{"line":26,"column":7}},"line":23},"2":{"name":"(anonymous_2)","decl":{"start":{"line":29,"column":12},"end":{"line":29,"column":13}},"loc":{"start":{"line":29,"column":19},"end":{"line":29,"column":33}},"line":29},"3":{"name":"(anonymous_3)","decl":{"start":{"line":30,"column":13},"end":{"line":30,"column":14}},"loc":{"start":{"line":30,"column":20},"end":{"line":30,"column":34}},"line":30},"4":{"name":"(anonymous_4)","decl":{"start":{"line":43,"column":12},"end":{"line":43,"column":13}},"loc":{"start":{"line":43,"column":20},"end":{"line":49,"column":7}},"line":43},"5":{"name":"(anonymous_5)","decl":{"start":{"line":50,"column":13},"end":{"line":50,"column":14}},"loc":{"start":{"line":50,"column":20},"end":{"line":50,"column":39}},"line":50},"6":{"name":"(anonymous_6)","decl":{"start":{"line":53,"column":12},"end":{"line":53,"column":13}},"loc":{"start":{"line":53,"column":19},"end":{"line":53,"column":33}},"line":53},"7":{"name":"(anonymous_7)","decl":{"start":{"line":54,"column":13},"end":{"line":54,"column":14}},"loc":{"start":{"line":54,"column":20},"end":{"line":54,"column":34}},"line":54}},"branchMap":{"0":{"loc":{"start":{"line":13,"column":4},"end":{"line":13,"column":91}},"type":"if","locations":[{"start":{"line":13,"column":4},"end":{"line":13,"column":91}},{"start":{"line":13,"column":4},"end":{"line":13,"column":91}}],"line":13},"1":{"loc":{"start":{"line":24,"column":8},"end":{"line":24,"column":48}},"type":"if","locations":[{"start":{"line":24,"column":8},"end":{"line":24,"column":48}},{"start":{"line":24,"column":8},"end":{"line":24,"column":48}}],"line":24},"2":{"loc":{"start":{"line":38,"column":4},"end":{"line":38,"column":79}},"type":"if","locations":[{"start":{"line":38,"column":4},"end":{"line":38,"column":79}},{"start":{"line":38,"column":4},"end":{"line":38,"column":79}}],"line":38}},"s":{"0":2,"1":2,"2":2,"3":2,"4":2,"5":2,"6":2,"7":2,"8":2,"9":0,"10":0,"11":0,"12":0,"13":0,"14":0,"15":0,"16":0,"17":0,"18":0,"19":0,"20":0,"21":0,"22":0,"23":0,"24":0,"25":0,"26":0,"27":0,"28":0,"29":0,"30":0,"31":0,"32":0,"33":0,"34":0,"35":0,"36":0,"37":0,"38":0,"39":0,"40":0,"41":0,"42":2},"f":{"0":0,"1":0,"2":0,"3":0,"4":0,"5":0,"6":0,"7":0},"b":{"0":[2,0],"1":[0,0],"2":[0,0]},"_coverageSchema":"332fd63041d2c1bcb487cc26dd0d5f7d97098a6c","hash":"71866442c8e7e141d56cf7a26573832e905937d3"}
,"G:\\www\\pic\\server\\app\\ctrls\\image.js": {"path":"G:\\www\\pic\\server\\app\\ctrls\\image.js","statementMap":{"0":{"start":{"line":1,"column":19},"end":{"line":1,"column":47}},"1":{"start":{"line":3,"column":18},"end":{"line":44,"column":1}},"2":{"start":{"line":9,"column":19},"end":{"line":9,"column":35}},"3":{"start":{"line":10,"column":4},"end":{"line":10,"column":83}},"4":{"start":{"line":10,"column":34},"end":{"line":10,"column":83}},"5":{"start":{"line":14,"column":17},"end":{"line":14,"column":31}},"6":{"start":{"line":15,"column":19},"end":{"line":17,"column":40}},"7":{"start":{"line":16,"column":21},"end":{"line":16,"column":71}},"8":{"start":{"line":17,"column":20},"end":{"line":17,"column":39}},"9":{"start":{"line":19,"column":4},"end":{"line":21,"column":35}},"10":{"start":{"line":20,"column":19},"end":{"line":20,"column":33}},"11":{"start":{"line":21,"column":20},"end":{"line":21,"column":34}},"12":{"start":{"line":25,"column":20},"end":{"line":25,"column":33}},"13":{"start":{"line":27,"column":19},"end":{"line":28,"column":72}},"14":{"start":{"line":28,"column":21},"end":{"line":28,"column":71}},"15":{"start":{"line":30,"column":4},"end":{"line":32,"column":35}},"16":{"start":{"line":31,"column":19},"end":{"line":31,"column":33}},"17":{"start":{"line":32,"column":20},"end":{"line":32,"column":34}},"18":{"start":{"line":36,"column":19},"end":{"line":37,"column":74}},"19":{"start":{"line":37,"column":22},"end":{"line":37,"column":73}},"20":{"start":{"line":39,"column":4},"end":{"line":41,"column":35}},"21":{"start":{"line":40,"column":19},"end":{"line":40,"column":33}},"22":{"start":{"line":41,"column":20},"end":{"line":41,"column":34}},"23":{"start":{"line":46,"column":0},"end":{"line":46,"column":26}}},"fnMap":{"0":{"name":"(anonymous_0)","decl":{"start":{"line":16,"column":12},"end":{"line":16,"column":13}},"loc":{"start":{"line":16,"column":21},"end":{"line":16,"column":71}},"line":16},"1":{"name":"(anonymous_1)","decl":{"start":{"line":17,"column":13},"end":{"line":17,"column":14}},"loc":{"start":{"line":17,"column":20},"end":{"line":17,"column":39}},"line":17},"2":{"name":"(anonymous_2)","decl":{"start":{"line":20,"column":12},"end":{"line":20,"column":13}},"loc":{"start":{"line":20,"column":19},"end":{"line":20,"column":33}},"line":20},"3":{"name":"(anonymous_3)","decl":{"start":{"line":21,"column":13},"end":{"line":21,"column":14}},"loc":{"start":{"line":21,"column":20},"end":{"line":21,"column":34}},"line":21},"4":{"name":"(anonymous_4)","decl":{"start":{"line":28,"column":12},"end":{"line":28,"column":13}},"loc":{"start":{"line":28,"column":21},"end":{"line":28,"column":71}},"line":28},"5":{"name":"(anonymous_5)","decl":{"start":{"line":31,"column":12},"end":{"line":31,"column":13}},"loc":{"start":{"line":31,"column":19},"end":{"line":31,"column":33}},"line":31},"6":{"name":"(anonymous_6)","decl":{"start":{"line":32,"column":13},"end":{"line":32,"column":14}},"loc":{"start":{"line":32,"column":20},"end":{"line":32,"column":34}},"line":32},"7":{"name":"(anonymous_7)","decl":{"start":{"line":37,"column":12},"end":{"line":37,"column":13}},"loc":{"start":{"line":37,"column":22},"end":{"line":37,"column":73}},"line":37},"8":{"name":"(anonymous_8)","decl":{"start":{"line":40,"column":12},"end":{"line":40,"column":13}},"loc":{"start":{"line":40,"column":19},"end":{"line":40,"column":33}},"line":40},"9":{"name":"(anonymous_9)","decl":{"start":{"line":41,"column":13},"end":{"line":41,"column":14}},"loc":{"start":{"line":41,"column":20},"end":{"line":41,"column":34}},"line":41}},"branchMap":{"0":{"loc":{"start":{"line":10,"column":4},"end":{"line":10,"column":83}},"type":"if","locations":[{"start":{"line":10,"column":4},"end":{"line":10,"column":83}},{"start":{"line":10,"column":4},"end":{"line":10,"column":83}}],"line":10}},"s":{"0":2,"1":2,"2":0,"3":0,"4":0,"5":0,"6":0,"7":0,"8":0,"9":0,"10":0,"11":0,"12":0,"13":0,"14":0,"15":0,"16":0,"17":0,"18":0,"19":0,"20":0,"21":0,"22":0,"23":2},"f":{"0":0,"1":0,"2":0,"3":0,"4":0,"5":0,"6":0,"7":0,"8":0,"9":0},"b":{"0":[0,0]},"_coverageSchema":"332fd63041d2c1bcb487cc26dd0d5f7d97098a6c","hash":"922313220eb45c2dd03b4b023fe2b8e3e1bad6ae"}
,"G:\\www\\pic\\server\\app\\middlewares\\index.js": {"path":"G:\\www\\pic\\server\\app\\middlewares\\index.js","statementMap":{"0":{"start":{"line":1,"column":16},"end":{"line":1,"column":35}},"1":{"start":{"line":2,"column":15},"end":{"line":2,"column":36}},"2":{"start":{"line":4,"column":0},"end":{"line":41,"column":1}},"3":{"start":{"line":6,"column":2},"end":{"line":6,"column":20}},"4":{"start":{"line":9,"column":2},"end":{"line":12,"column":3}},"5":{"start":{"line":15,"column":2},"end":{"line":40,"column":4}},"6":{"start":{"line":16,"column":4},"end":{"line":39,"column":5}},"7":{"start":{"line":17,"column":6},"end":{"line":17,"column":37}},"8":{"start":{"line":18,"column":6},"end":{"line":18,"column":18}},"9":{"start":{"line":20,"column":6},"end":{"line":20,"column":37}},"10":{"start":{"line":22,"column":6},"end":{"line":38,"column":7}},"11":{"start":{"line":23,"column":8},"end":{"line":23,"column":29}},"12":{"start":{"line":24,"column":8},"end":{"line":27,"column":9}},"13":{"start":{"line":29,"column":8},"end":{"line":29,"column":26}},"14":{"start":{"line":30,"column":8},"end":{"line":30,"column":31}},"15":{"start":{"line":31,"column":8},"end":{"line":34,"column":9}},"16":{"start":{"line":35,"column":8},"end":{"line":37,"column":9}},"17":{"start":{"line":36,"column":10},"end":{"line":36,"column":36}}},"fnMap":{"0":{"name":"(anonymous_0)","decl":{"start":{"line":4,"column":17},"end":{"line":4,"column":18}},"loc":{"start":{"line":4,"column":24},"end":{"line":41,"column":1}},"line":4},"1":{"name":"(anonymous_1)","decl":{"start":{"line":15,"column":10},"end":{"line":15,"column":11}},"loc":{"start":{"line":15,"column":31},"end":{"line":40,"column":3}},"line":15}},"branchMap":{"0":{"loc":{"start":{"line":9,"column":2},"end":{"line":12,"column":3}},"type":"if","locations":[{"start":{"line":9,"column":2},"end":{"line":12,"column":3}}],"line":9},"1":{"loc":{"start":{"line":22,"column":6},"end":{"line":38,"column":7}},"type":"if","locations":[{"start":{"line":22,"column":6},"end":{"line":38,"column":7}},{"start":{"line":22,"column":6},"end":{"line":38,"column":7}}],"line":22},"2":{"loc":{"start":{"line":22,"column":10},"end":{"line":22,"column":50}},"type":"binary-expr","locations":[{"start":{"line":22,"column":10},"end":{"line":22,"column":18}},{"start":{"line":22,"column":22},"end":{"line":22,"column":50}}],"line":22},"3":{"loc":{"start":{"line":35,"column":8},"end":{"line":37,"column":9}},"type":"if","locations":[{"start":{"line":35,"column":8},"end":{"line":37,"column":9}},{"start":{"line":35,"column":8},"end":{"line":37,"column":9}}],"line":35}},"s":{"0":3,"1":3,"2":3,"3":3,"4":3,"5":3,"6":5,"7":5,"8":5,"9":2,"10":2,"11":2,"12":2,"13":0,"14":0,"15":0,"16":0,"17":0},"f":{"0":3,"1":5},"b":{"0":[3],"1":[2,0],"2":[2,2],"3":[0,0]},"_coverageSchema":"332fd63041d2c1bcb487cc26dd0d5f7d97098a6c","hash":"c633e3092814dd1409e88c8112597154dee54096"}
,"G:\\www\\pic\\server\\app\\models\\image.js": {"path":"G:\\www\\pic\\server\\app\\models\\image.js","statementMap":{"0":{"start":{"line":1,"column":17},"end":{"line":1,"column":36}},"1":{"start":{"line":2,"column":15},"end":{"line":2,"column":30}},"2":{"start":{"line":3,"column":21},"end":{"line":3,"column":33}},"3":{"start":{"line":5,"column":20},"end":{"line":17,"column":2}},"4":{"start":{"line":20,"column":0},"end":{"line":23,"column":2}},"5":{"start":{"line":21,"column":2},"end":{"line":21,"column":31}},"6":{"start":{"line":22,"column":2},"end":{"line":22,"column":8}},"7":{"start":{"line":25,"column":19},"end":{"line":25,"column":55}},"8":{"start":{"line":27,"column":0},"end":{"line":27,"column":27}}},"fnMap":{"0":{"name":"(anonymous_0)","decl":{"start":{"line":20,"column":24},"end":{"line":20,"column":25}},"loc":{"start":{"line":20,"column":40},"end":{"line":23,"column":1}},"line":20}},"branchMap":{},"s":{"0":2,"1":2,"2":2,"3":2,"4":2,"5":0,"6":0,"7":2,"8":2},"f":{"0":0},"b":{},"_coverageSchema":"332fd63041d2c1bcb487cc26dd0d5f7d97098a6c","hash":"756c7f54ff3c57ebd9fb9eab06d2a3b8df3bc7c9"}
,"G:\\www\\pic\\server\\app\\models\\user.js": {"path":"G:\\www\\pic\\server\\app\\models\\user.js","statementMap":{"0":{"start":{"line":1,"column":17},"end":{"line":1,"column":36}},"1":{"start":{"line":2,"column":15},"end":{"line":2,"column":32}},"2":{"start":{"line":4,"column":19},"end":{"line":10,"column":2}},"3":{"start":{"line":13,"column":0},"end":{"line":17,"column":2}},"4":{"start":{"line":14,"column":15},"end":{"line":14,"column":40}},"5":{"start":{"line":15,"column":2},"end":{"line":15,"column":18}},"6":{"start":{"line":16,"column":2},"end":{"line":16,"column":29}},"7":{"start":{"line":20,"column":0},"end":{"line":23,"column":2}},"8":{"start":{"line":21,"column":2},"end":{"line":21,"column":31}},"9":{"start":{"line":22,"column":2},"end":{"line":22,"column":8}},"10":{"start":{"line":25,"column":18},"end":{"line":25,"column":52}},"11":{"start":{"line":27,"column":0},"end":{"line":27,"column":26}}},"fnMap":{"0":{"name":"(anonymous_0)","decl":{"start":{"line":13,"column":32},"end":{"line":13,"column":33}},"loc":{"start":{"line":13,"column":45},"end":{"line":17,"column":1}},"line":13},"1":{"name":"(anonymous_1)","decl":{"start":{"line":20,"column":23},"end":{"line":20,"column":24}},"loc":{"start":{"line":20,"column":39},"end":{"line":23,"column":1}},"line":20}},"branchMap":{},"s":{"0":3,"1":3,"2":3,"3":3,"4":1,"5":1,"6":1,"7":3,"8":0,"9":0,"10":3,"11":3},"f":{"0":1,"1":0},"b":{},"_coverageSchema":"332fd63041d2c1bcb487cc26dd0d5f7d97098a6c","hash":"aef6df8c2d58203177759eca79cb807d4819d44b"}
,"G:\\www\\pic\\server\\app\\routes\\auth.js": {"path":"G:\\www\\pic\\server\\app\\routes\\auth.js","statementMap":{"0":{"start":{"line":1,"column":15},"end":{"line":1,"column":36}},"1":{"start":{"line":2,"column":17},"end":{"line":2,"column":41}},"2":{"start":{"line":4,"column":15},"end":{"line":4,"column":27}},"3":{"start":{"line":7,"column":0},"end":{"line":7,"column":43}},"4":{"start":{"line":10,"column":0},"end":{"line":10,"column":37}},"5":{"start":{"line":13,"column":0},"end":{"line":13,"column":40}},"6":{"start":{"line":16,"column":0},"end":{"line":16,"column":49}},"7":{"start":{"line":18,"column":0},"end":{"line":18,"column":23}}},"fnMap":{},"branchMap":{},"s":{"0":2,"1":2,"2":2,"3":2,"4":2,"5":2,"6":2,"7":2},"f":{},"b":{},"_coverageSchema":"332fd63041d2c1bcb487cc26dd0d5f7d97098a6c","hash":"eda3a9b3917558801d23ce3520ad35494b82e157"}
,"G:\\www\\pic\\server\\app\\routes\\image.js": {"path":"G:\\www\\pic\\server\\app\\routes\\image.js","statementMap":{"0":{"start":{"line":1,"column":15},"end":{"line":1,"column":36}},"1":{"start":{"line":2,"column":12},"end":{"line":2,"column":30}},"2":{"start":{"line":3,"column":15},"end":{"line":3,"column":38}},"3":{"start":{"line":4,"column":18},"end":{"line":4,"column":43}},"4":{"start":{"line":6,"column":15},"end":{"line":6,"column":27}},"5":{"start":{"line":8,"column":0},"end":{"line":8,"column":70}},"6":{"start":{"line":10,"column":0},"end":{"line":10,"column":34}},"7":{"start":{"line":12,"column":0},"end":{"line":12,"column":35}},"8":{"start":{"line":14,"column":0},"end":{"line":14,"column":23}}},"fnMap":{},"branchMap":{},"s":{"0":2,"1":2,"2":2,"3":2,"4":2,"5":2,"6":2,"7":2,"8":2},"f":{},"b":{},"_coverageSchema":"332fd63041d2c1bcb487cc26dd0d5f7d97098a6c","hash":"66391ea6d4dcc817f4433e1d90c8e789564237f5"}
,"G:\\www\\pic\\server\\app\\routes\\index.js": {"path":"G:\\www\\pic\\server\\app\\routes\\index.js","statementMap":{"0":{"start":{"line":1,"column":15},"end":{"line":1,"column":36}},"1":{"start":{"line":3,"column":19},"end":{"line":3,"column":36}},"2":{"start":{"line":4,"column":18},"end":{"line":4,"column":36}},"3":{"start":{"line":6,"column":15},"end":{"line":6,"column":27}},"4":{"start":{"line":11,"column":0},"end":{"line":11,"column":40}},"5":{"start":{"line":13,"column":0},"end":{"line":13,"column":40}},"6":{"start":{"line":15,"column":0},"end":{"line":15,"column":23}}},"fnMap":{},"branchMap":{},"s":{"0":2,"1":2,"2":2,"3":2,"4":2,"5":2,"6":2},"f":{},"b":{},"_coverageSchema":"332fd63041d2c1bcb487cc26dd0d5f7d97098a6c","hash":"3dba8c7ef92b89711e3213580001772eefcb2abf"}
,"G:\\www\\pic\\server\\app\\services\\image.js": {"path":"G:\\www\\pic\\server\\app\\services\\image.js","statementMap":{"0":{"start":{"line":1,"column":19},"end":{"line":1,"column":45}},"1":{"start":{"line":3,"column":19},"end":{"line":32,"column":1}},"2":{"start":{"line":6,"column":48},"end":{"line":6,"column":54}},"3":{"start":{"line":7,"column":4},"end":{"line":15,"column":84}},"4":{"start":{"line":14,"column":21},"end":{"line":14,"column":43}},"5":{"start":{"line":15,"column":20},"end":{"line":15,"column":83}},"6":{"start":{"line":19,"column":4},"end":{"line":21,"column":68}},"7":{"start":{"line":20,"column":21},"end":{"line":20,"column":43}},"8":{"start":{"line":21,"column":20},"end":{"line":21,"column":67}},"9":{"start":{"line":25,"column":4},"end":{"line":25,"column":30}},"10":{"start":{"line":25,"column":18},"end":{"line":25,"column":30}},"11":{"start":{"line":26,"column":4},"end":{"line":26,"column":44}},"12":{"start":{"line":27,"column":4},"end":{"line":29,"column":68}},"13":{"start":{"line":28,"column":22},"end":{"line":28,"column":45}},"14":{"start":{"line":29,"column":20},"end":{"line":29,"column":67}},"15":{"start":{"line":34,"column":0},"end":{"line":34,"column":27}}},"fnMap":{"0":{"name":"(anonymous_0)","decl":{"start":{"line":14,"column":12},"end":{"line":14,"column":13}},"loc":{"start":{"line":14,"column":21},"end":{"line":14,"column":43}},"line":14},"1":{"name":"(anonymous_1)","decl":{"start":{"line":15,"column":13},"end":{"line":15,"column":14}},"loc":{"start":{"line":15,"column":20},"end":{"line":15,"column":83}},"line":15},"2":{"name":"(anonymous_2)","decl":{"start":{"line":20,"column":12},"end":{"line":20,"column":13}},"loc":{"start":{"line":20,"column":21},"end":{"line":20,"column":43}},"line":20},"3":{"name":"(anonymous_3)","decl":{"start":{"line":21,"column":13},"end":{"line":21,"column":14}},"loc":{"start":{"line":21,"column":20},"end":{"line":21,"column":67}},"line":21},"4":{"name":"(anonymous_4)","decl":{"start":{"line":28,"column":12},"end":{"line":28,"column":13}},"loc":{"start":{"line":28,"column":22},"end":{"line":28,"column":45}},"line":28},"5":{"name":"(anonymous_5)","decl":{"start":{"line":29,"column":13},"end":{"line":29,"column":14}},"loc":{"start":{"line":29,"column":20},"end":{"line":29,"column":67}},"line":29}},"branchMap":{"0":{"loc":{"start":{"line":25,"column":4},"end":{"line":25,"column":30}},"type":"if","locations":[{"start":{"line":25,"column":4},"end":{"line":25,"column":30}},{"start":{"line":25,"column":4},"end":{"line":25,"column":30}}],"line":25}},"s":{"0":2,"1":2,"2":0,"3":0,"4":0,"5":0,"6":0,"7":0,"8":0,"9":0,"10":0,"11":0,"12":0,"13":0,"14":0,"15":2},"f":{"0":0,"1":0,"2":0,"3":0,"4":0,"5":0},"b":{"0":[0,0]},"_coverageSchema":"332fd63041d2c1bcb487cc26dd0d5f7d97098a6c","hash":"32dc37f48905304eef0c97ac3404906db385b4a5"}
,"G:\\www\\pic\\server\\app\\services\\user.js": {"path":"G:\\www\\pic\\server\\app\\services\\user.js","statementMap":{"0":{"start":{"line":1,"column":15},"end":{"line":1,"column":32}},"1":{"start":{"line":2,"column":18},"end":{"line":2,"column":43}},"2":{"start":{"line":4,"column":18},"end":{"line":71,"column":1}},"3":{"start":{"line":10,"column":32},"end":{"line":10,"column":38}},"4":{"start":{"line":13,"column":21},"end":{"line":27,"column":6}},"5":{"start":{"line":15,"column":18},"end":{"line":15,"column":38}},"6":{"start":{"line":16,"column":6},"end":{"line":26,"column":10}},"7":{"start":{"line":19,"column":10},"end":{"line":19,"column":76}},"8":{"start":{"line":19,"column":52},"end":{"line":19,"column":76}},"9":{"start":{"line":21,"column":10},"end":{"line":25,"column":12}},"10":{"start":{"line":30,"column":4},"end":{"line":41,"column":40}},"11":{"start":{"line":34,"column":46},"end":{"line":34,"column":52}},"12":{"start":{"line":35,"column":8},"end":{"line":36,"column":87}},"13":{"start":{"line":36,"column":24},"end":{"line":36,"column":86}},"14":{"start":{"line":39,"column":20},"end":{"line":39,"column":41}},"15":{"start":{"line":41,"column":20},"end":{"line":41,"column":39}},"16":{"start":{"line":51,"column":4},"end":{"line":69,"column":40}},"17":{"start":{"line":54,"column":8},"end":{"line":54,"column":46}},"18":{"start":{"line":54,"column":18},"end":{"line":54,"column":46}},"19":{"start":{"line":57,"column":8},"end":{"line":57,"column":79}},"20":{"start":{"line":61,"column":31},"end":{"line":61,"column":87}},"21":{"start":{"line":64,"column":8},"end":{"line":64,"column":74}},"22":{"start":{"line":64,"column":46},"end":{"line":64,"column":74}},"23":{"start":{"line":67,"column":8},"end":{"line":67,"column":80}},"24":{"start":{"line":69,"column":20},"end":{"line":69,"column":39}},"25":{"start":{"line":73,"column":0},"end":{"line":73,"column":26}}},"fnMap":{"0":{"name":"(anonymous_0)","decl":{"start":{"line":13,"column":51},"end":{"line":13,"column":52}},"loc":{"start":{"line":13,"column":59},"end":{"line":27,"column":5}},"line":13},"1":{"name":"(anonymous_1)","decl":{"start":{"line":17,"column":14},"end":{"line":17,"column":15}},"loc":{"start":{"line":17,"column":22},"end":{"line":26,"column":9}},"line":17},"2":{"name":"(anonymous_2)","decl":{"start":{"line":32,"column":12},"end":{"line":32,"column":13}},"loc":{"start":{"line":32,"column":18},"end":{"line":37,"column":7}},"line":32},"3":{"name":"(anonymous_3)","decl":{"start":{"line":36,"column":17},"end":{"line":36,"column":18}},"loc":{"start":{"line":36,"column":24},"end":{"line":36,"column":86}},"line":36},"4":{"name":"(anonymous_4)","decl":{"start":{"line":39,"column":12},"end":{"line":39,"column":13}},"loc":{"start":{"line":39,"column":20},"end":{"line":39,"column":41}},"line":39},"5":{"name":"(anonymous_5)","decl":{"start":{"line":41,"column":13},"end":{"line":41,"column":14}},"loc":{"start":{"line":41,"column":20},"end":{"line":41,"column":39}},"line":41},"6":{"name":"(anonymous_6)","decl":{"start":{"line":52,"column":12},"end":{"line":52,"column":13}},"loc":{"start":{"line":52,"column":20},"end":{"line":58,"column":7}},"line":52},"7":{"name":"(anonymous_7)","decl":{"start":{"line":59,"column":12},"end":{"line":59,"column":13}},"loc":{"start":{"line":59,"column":20},"end":{"line":68,"column":7}},"line":59},"8":{"name":"(anonymous_8)","decl":{"start":{"line":69,"column":13},"end":{"line":69,"column":14}},"loc":{"start":{"line":69,"column":20},"end":{"line":69,"column":39}},"line":69}},"branchMap":{"0":{"loc":{"start":{"line":19,"column":10},"end":{"line":19,"column":76}},"type":"if","locations":[{"start":{"line":19,"column":10},"end":{"line":19,"column":76}},{"start":{"line":19,"column":10},"end":{"line":19,"column":76}}],"line":19},"1":{"loc":{"start":{"line":19,"column":26},"end":{"line":19,"column":36}},"type":"binary-expr","locations":[{"start":{"line":19,"column":26},"end":{"line":19,"column":30}},{"start":{"line":19,"column":34},"end":{"line":19,"column":36}}],"line":19},"2":{"loc":{"start":{"line":54,"column":8},"end":{"line":54,"column":46}},"type":"if","locations":[{"start":{"line":54,"column":8},"end":{"line":54,"column":46}},{"start":{"line":54,"column":8},"end":{"line":54,"column":46}}],"line":54},"3":{"loc":{"start":{"line":64,"column":8},"end":{"line":64,"column":74}},"type":"if","locations":[{"start":{"line":64,"column":8},"end":{"line":64,"column":74}},{"start":{"line":64,"column":8},"end":{"line":64,"column":74}}],"line":64}},"s":{"0":2,"1":2,"2":2,"3":0,"4":0,"5":0,"6":0,"7":0,"8":0,"9":0,"10":0,"11":0,"12":0,"13":0,"14":0,"15":0,"16":0,"17":0,"18":0,"19":0,"20":0,"21":0,"22":0,"23":0,"24":0,"25":2},"f":{"0":0,"1":0,"2":0,"3":0,"4":0,"5":0,"6":0,"7":0,"8":0},"b":{"0":[0,0],"1":[0,0],"2":[0,0],"3":[0,0]},"_coverageSchema":"332fd63041d2c1bcb487cc26dd0d5f7d97098a6c","hash":"2dfe2b9ed09f70a7c8affac06c90c9dc08dfae1a"}
}
